<?xml version="1.0" encoding="UTF-8"?>
<testsuite name="com.example.starter.TestMainVerticle" tests="1" skipped="0" failures="0" errors="0" timestamp="2023-05-05T10:22:19" hostname="UKC02CC2AVMD6R" time="0.3">
  <properties/>
  <testcase name="verticle_deployed(Vertx, VertxTestContext)" classname="com.example.starter.TestMainVerticle" time="0.3"/>
  <system-out><![CDATA[HTTP server started on port 8888
]]></system-out>
  <system-err><![CDATA[May 05, 2023 11:22:19 AM io.netty.resolver.dns.DnsServerAddressStreamProviders <clinit>
WARNING: Can not find io.netty.resolver.dns.macos.MacOSDnsServerAddressStreamProvider in the classpath, fallback to system defaults. This may result in incorrect DNS resolutions on MacOS. Check whether you have a dependency on 'io.netty:netty-resolver-dns-native-macos'
]]></system-err>
</testsuite>
